This file contains any messages produced by compilers while
running configure, to aid debugging if configure makes a mistake.

It was created by krpc configure 0.4.7, which was
generated by GNU Autoconf 2.69.  Invocation command line was

  $ ./configure 

## --------- ##
## Platform. ##
## --------- ##

hostname = DESKTOP-HLF0ORN
uname -m = x86_64
uname -r = 2.10.0(0.325/5/3)
uname -s = MINGW64_NT-10.0
uname -v = 2018-02-12 08:49

/usr/bin/uname -p = unknown
/bin/uname -X     = unknown

/bin/arch              = x86_64
/usr/bin/arch -k       = unknown
/usr/convex/getsysinfo = unknown
/usr/bin/hostinfo      = unknown
/bin/machine           = unknown
/usr/bin/oslevel       = unknown
/bin/universe          = unknown

PATH: /c/Users/adris/bin
PATH: /mingw64/bin
PATH: /usr/local/bin
PATH: /usr/bin
PATH: /bin
PATH: /mingw64/bin
PATH: /usr/bin
PATH: /c/Users/adris/bin
PATH: /c/WINDOWS
PATH: /c/WINDOWS
PATH: /c/Program Files/ImageMagick-7.0.7-Q16
PATH: /c/ProgramData/Oracle/Java/javapath
PATH: /c/WINDOWS/system32
PATH: /c/WINDOWS
PATH: /c/WINDOWS/System32/Wbem
PATH: /c/WINDOWS/System32/WindowsPowerShell/v1.0
PATH: /c/Program Files (x86)/GtkSharp/2.12/bin
PATH: /c/Program Files (x86)/Windows Live/Shared
PATH: /c/Program Files (x86)/HP/IdrsOCR_15.2.10.1114
PATH: /c/Program Files (x86)/NVIDIA Corporation/PhysX/Common
PATH: /c/WINDOWS/system32
PATH: /c/WINDOWS
PATH: /c/WINDOWS/System32/Wbem
PATH: /c/WINDOWS/System32/WindowsPowerShell/v1.0
PATH: /c/WINDOWS/System32/OpenSSH
PATH: /c/Program Files/PuTTY
PATH: /c/Program Files/MATLAB/R2018a/bin
PATH: /c/Ruby24-x64/bin
PATH: /c/Users/adris/AppData/Local/Microsoft/WindowsApps
PATH: /c/Users/adris/userlibs/java/jflex-1.6.1/bin
PATH: /c/Users/adris/userlibs/texlive/2018/bin/win32
PATH: /c/Program Files/CMake/bin
PATH: /c/Users/adris/AppData/Local/Programs/Microsoft VS Code/bin
PATH: /usr/bin/vendor_perl
PATH: /usr/bin/core_perl


## ----------- ##
## Core tests. ##
## ----------- ##

configure:2427: checking for a BSD-compatible install
configure:2495: result: /usr/bin/install -c
configure:2506: checking whether build environment is sane
configure:2561: result: yes
configure:2712: checking for a thread-safe mkdir -p
configure:2751: result: /usr/bin/mkdir -p
configure:2758: checking for gawk
configure:2774: found /usr/bin/gawk
configure:2785: result: gawk
configure:2796: checking whether make sets $(MAKE)
configure:2822: result: no
configure:2847: checking whether make supports nested variables
configure:2864: result: no
configure:2994: checking build system type
configure:3008: result: x86_64-pc-mingw64
configure:3028: checking host system type
configure:3041: result: x86_64-pc-mingw64
configure:3120: checking for g++
configure:3150: result: no
configure:3120: checking for c++
configure:3150: result: no
configure:3120: checking for gpp
configure:3150: result: no
configure:3120: checking for aCC
configure:3150: result: no
configure:3120: checking for CC
configure:3150: result: no
configure:3120: checking for cxx
configure:3150: result: no
configure:3120: checking for cc++
configure:3150: result: no
configure:3120: checking for cl.exe
configure:3150: result: no
configure:3120: checking for FCC
configure:3150: result: no
configure:3120: checking for KCC
configure:3150: result: no
configure:3120: checking for RCC
configure:3150: result: no
configure:3120: checking for xlC_r
configure:3150: result: no
configure:3120: checking for xlC
configure:3150: result: no
configure:3174: checking for C++ compiler version
configure:3183: g++ --version >&5
./configure: line 3185: g++: command not found
configure:3194: $? = 127
configure:3183: g++ -v >&5
./configure: line 3185: g++: command not found
configure:3194: $? = 127
configure:3183: g++ -V >&5
./configure: line 3185: g++: command not found
configure:3194: $? = 127
configure:3183: g++ -qversion >&5
./configure: line 3185: g++: command not found
configure:3194: $? = 127
configure:3214: checking whether the C++ compiler works
configure:3236: g++    conftest.cpp  >&5
./configure: line 3238: g++: command not found
configure:3240: $? = 127
configure:3278: result: no
configure: failed program was:
| /* confdefs.h */
| #define PACKAGE_NAME "krpc"
| #define PACKAGE_TARNAME "krpc"
| #define PACKAGE_VERSION "0.4.7"
| #define PACKAGE_STRING "krpc 0.4.7"
| #define PACKAGE_BUGREPORT ""
| #define PACKAGE_URL ""
| #define PACKAGE "krpc"
| #define VERSION "0.4.7"
| /* end confdefs.h.  */
| 
| int
| main ()
| {
| 
|   ;
|   return 0;
| }
configure:3283: error: in `/c/Users/adris/Documents/Projects/workspace/KSP-RPC-CPP/lib/libinstall':
configure:3285: error: C++ compiler cannot create executables
See `config.log' for more details

## ---------------- ##
## Cache variables. ##
## ---------------- ##

ac_cv_build=x86_64-pc-mingw64
ac_cv_env_CCC_set=
ac_cv_env_CCC_value=
ac_cv_env_CC_set=
ac_cv_env_CC_value=
ac_cv_env_CFLAGS_set=
ac_cv_env_CFLAGS_value=
ac_cv_env_CPPFLAGS_set=
ac_cv_env_CPPFLAGS_value=
ac_cv_env_CPP_set=
ac_cv_env_CPP_value=
ac_cv_env_CXXCPP_set=
ac_cv_env_CXXCPP_value=
ac_cv_env_CXXFLAGS_set=
ac_cv_env_CXXFLAGS_value=
ac_cv_env_CXX_set=
ac_cv_env_CXX_value=
ac_cv_env_LDFLAGS_set=
ac_cv_env_LDFLAGS_value=
ac_cv_env_LIBS_set=
ac_cv_env_LIBS_value=
ac_cv_env_LT_SYS_LIBRARY_PATH_set=
ac_cv_env_LT_SYS_LIBRARY_PATH_value=
ac_cv_env_PKG_CONFIG_LIBDIR_set=
ac_cv_env_PKG_CONFIG_LIBDIR_value=
ac_cv_env_PKG_CONFIG_PATH_set=set
ac_cv_env_PKG_CONFIG_PATH_value=/mingw64/lib/pkgconfig:/mingw64/share/pkgconfig
ac_cv_env_PKG_CONFIG_set=
ac_cv_env_PKG_CONFIG_value=
ac_cv_env_build_alias_set=
ac_cv_env_build_alias_value=
ac_cv_env_host_alias_set=
ac_cv_env_host_alias_value=
ac_cv_env_protobuf_CFLAGS_set=
ac_cv_env_protobuf_CFLAGS_value=
ac_cv_env_protobuf_LIBS_set=
ac_cv_env_protobuf_LIBS_value=
ac_cv_env_target_alias_set=
ac_cv_env_target_alias_value=
ac_cv_host=x86_64-pc-mingw64
ac_cv_path_install='/usr/bin/install -c'
ac_cv_path_mkdir=/usr/bin/mkdir
ac_cv_prog_AWK=gawk
ac_cv_prog_make_make_set=no
am_cv_make_support_nested_variables=no

## ----------------- ##
## Output variables. ##
## ----------------- ##

ACLOCAL='${SHELL} /c/Users/adris/Documents/Projects/workspace/KSP-RPC-CPP/lib/libinstall/missing aclocal-1.15'
AMDEPBACKSLASH=''
AMDEP_FALSE=''
AMDEP_TRUE=''
AMTAR='$${TAR-tar}'
AM_BACKSLASH='\'
AM_DEFAULT_V='1'
AM_DEFAULT_VERBOSITY='1'
AM_V='1'
AR=''
AUTOCONF='${SHELL} /c/Users/adris/Documents/Projects/workspace/KSP-RPC-CPP/lib/libinstall/missing autoconf'
AUTOHEADER='${SHELL} /c/Users/adris/Documents/Projects/workspace/KSP-RPC-CPP/lib/libinstall/missing autoheader'
AUTOMAKE='${SHELL} /c/Users/adris/Documents/Projects/workspace/KSP-RPC-CPP/lib/libinstall/missing automake-1.15'
AWK='gawk'
CC=''
CCDEPMODE=''
CFLAGS=''
CP=''
CPP=''
CPPFLAGS=''
CXX='g++'
CXXCPP=''
CXXDEPMODE=''
CXXFLAGS=''
CYGPATH_W='cygpath -w'
DEFS=''
DEPDIR=''
DLLTOOL=''
DSYMUTIL=''
DUMPBIN=''
ECHO_C=''
ECHO_N='-n'
ECHO_T=''
EGREP=''
EXEEXT=''
FGREP=''
GREP=''
HAVE_CXX11=''
HAVE_PROTOC_FALSE=''
HAVE_PROTOC_TRUE=''
INSTALL_DATA='${INSTALL} -m 644'
INSTALL_PROGRAM='${INSTALL}'
INSTALL_SCRIPT='${INSTALL}'
INSTALL_STRIP_PROGRAM='$(install_sh) -c -s'
LD=''
LDFLAGS=''
LIBOBJS=''
LIBS=''
LIBTOOL=''
LIPO=''
LN_S=''
LTLIBOBJS=''
LT_RELEASE='0.4.7'
LT_SYS_LIBRARY_PATH=''
MAKEINFO='${SHELL} /c/Users/adris/Documents/Projects/workspace/KSP-RPC-CPP/lib/libinstall/missing makeinfo'
MANIFEST_TOOL=''
MKDIR=''
MKDIR_P='/usr/bin/mkdir -p'
MV=''
NM=''
NMEDIT=''
OBJDUMP=''
OBJEXT=''
OTOOL64=''
OTOOL=''
PACKAGE='krpc'
PACKAGE_BUGREPORT=''
PACKAGE_NAME='krpc'
PACKAGE_STRING='krpc 0.4.7'
PACKAGE_TARNAME='krpc'
PACKAGE_URL=''
PACKAGE_VERSION='0.4.7'
PATH_SEPARATOR=':'
PKG_CONFIG=''
PKG_CONFIG_LIBDIR=''
PKG_CONFIG_PATH='/mingw64/lib/pkgconfig:/mingw64/share/pkgconfig'
PROTOC=''
RANLIB=''
RM=''
SED=''
SET_MAKE='MAKE=make'
SHELL='/bin/sh'
STRIP=''
VERSION='0.4.7'
ac_ct_AR=''
ac_ct_CC=''
ac_ct_CXX=''
ac_ct_DUMPBIN=''
am__EXEEXT_FALSE=''
am__EXEEXT_TRUE=''
am__fastdepCC_FALSE=''
am__fastdepCC_TRUE=''
am__fastdepCXX_FALSE=''
am__fastdepCXX_TRUE=''
am__include=''
am__isrc=''
am__leading_dot='.'
am__nodep=''
am__quote=''
am__tar='$${TAR-tar} chof - "$$tardir"'
am__untar='$${TAR-tar} xf -'
bindir='${exec_prefix}/bin'
build='x86_64-pc-mingw64'
build_alias=''
build_cpu='x86_64'
build_os='mingw64'
build_vendor='pc'
datadir='${datarootdir}'
datarootdir='${prefix}/share'
docdir='${datarootdir}/doc/${PACKAGE_TARNAME}'
dvidir='${docdir}'
exec_prefix='NONE'
host='x86_64-pc-mingw64'
host_alias=''
host_cpu='x86_64'
host_os='mingw64'
host_vendor='pc'
htmldir='${docdir}'
includedir='${prefix}/include'
infodir='${datarootdir}/info'
install_sh='${SHELL} /c/Users/adris/Documents/Projects/workspace/KSP-RPC-CPP/lib/libinstall/install-sh'
libdir='${exec_prefix}/lib'
libexecdir='${exec_prefix}/libexec'
localedir='${datarootdir}/locale'
localstatedir='${prefix}/var'
mandir='${datarootdir}/man'
mkdir_p='$(MKDIR_P)'
oldincludedir='/usr/include'
pdfdir='${docdir}'
prefix='NONE'
program_transform_name='s,x,x,'
protobuf_CFLAGS=''
protobuf_LIBS=''
psdir='${docdir}'
runstatedir='${localstatedir}/run'
sbindir='${exec_prefix}/sbin'
sharedstatedir='${prefix}/com'
sysconfdir='${prefix}/etc'
target_alias=''

## ----------- ##
## confdefs.h. ##
## ----------- ##

/* confdefs.h */
#define PACKAGE_NAME "krpc"
#define PACKAGE_TARNAME "krpc"
#define PACKAGE_VERSION "0.4.7"
#define PACKAGE_STRING "krpc 0.4.7"
#define PACKAGE_BUGREPORT ""
#define PACKAGE_URL ""
#define PACKAGE "krpc"
#define VERSION "0.4.7"

configure: exit 77
